<?xml version="1.0" encoding="UTF-8"?>
<testng-results skipped="0" failed="0" ignored="0" total="16" passed="16">
  <reporter-output>
  </reporter-output>
  <suite name="Suite" duration-ms="30249" started-at="2017-11-20T17:25:47Z" finished-at="2017-11-20T17:26:17Z">
    <groups>
    </groups>
    <test name="Test" duration-ms="30249" started-at="2017-11-20T17:25:47Z" finished-at="2017-11-20T17:26:17Z">
      <class name="com.emc.metalnx.integration.test.login.AdminLoginTest">
        <test-method status="PASS" signature="beforeClass()[pri:0, instance:com.emc.metalnx.integration.test.login.AdminLoginTest@63753b6d]" name="beforeClass" is-config="true" duration-ms="2541" started-at="2017-11-20T12:25:55Z" finished-at="2017-11-20T12:25:58Z">
          <reporter-output>
          </reporter-output>
        </test-method> <!-- beforeClass -->
        <test-method status="PASS" signature="testLoginAsAdmin()[pri:0, instance:com.emc.metalnx.integration.test.login.AdminLoginTest@63753b6d]" name="testLoginAsAdmin" duration-ms="3179" started-at="2017-11-20T12:25:58Z" finished-at="2017-11-20T12:26:01Z">
          <reporter-output>
          </reporter-output>
        </test-method> <!-- testLoginAsAdmin -->
        <test-method status="PASS" signature="afterClass()[pri:0, instance:com.emc.metalnx.integration.test.login.AdminLoginTest@63753b6d]" name="afterClass" is-config="true" duration-ms="676" started-at="2017-11-20T12:26:01Z" finished-at="2017-11-20T12:26:02Z">
          <reporter-output>
          </reporter-output>
        </test-method> <!-- afterClass -->
      </class> <!-- com.emc.metalnx.integration.test.login.AdminLoginTest -->
      <class name="com.emc.metalnx.integration.test.login.LoginTest">
        <test-method status="PASS" signature="beforeClass()[pri:0, instance:com.emc.metalnx.integration.test.login.LoginTest@5f9d02cb]" name="beforeClass" is-config="true" duration-ms="4107" started-at="2017-11-20T12:25:47Z" finished-at="2017-11-20T12:25:51Z">
          <reporter-output>
          </reporter-output>
        </test-method> <!-- beforeClass -->
        <test-method status="PASS" signature="testInvalidUsernameAndPasswordForLogin()[pri:0, instance:com.emc.metalnx.integration.test.login.LoginTest@5f9d02cb]" name="testInvalidUsernameAndPasswordForLogin" duration-ms="2426" started-at="2017-11-20T12:25:51Z" finished-at="2017-11-20T12:25:53Z">
          <reporter-output>
          </reporter-output>
        </test-method> <!-- testInvalidUsernameAndPasswordForLogin -->
        <test-method status="PASS" signature="testValidUsernameAndPasswordForLogin()[pri:0, instance:com.emc.metalnx.integration.test.login.LoginTest@5f9d02cb]" name="testValidUsernameAndPasswordForLogin" duration-ms="1471" started-at="2017-11-20T12:25:53Z" finished-at="2017-11-20T12:25:55Z">
          <reporter-output>
          </reporter-output>
        </test-method> <!-- testValidUsernameAndPasswordForLogin -->
        <test-method status="PASS" signature="afterClass()[pri:0, instance:com.emc.metalnx.integration.test.login.LoginTest@5f9d02cb]" name="afterClass" is-config="true" duration-ms="640" started-at="2017-11-20T12:25:55Z" finished-at="2017-11-20T12:25:55Z">
          <reporter-output>
          </reporter-output>
        </test-method> <!-- afterClass -->
      </class> <!-- com.emc.metalnx.integration.test.login.LoginTest -->
      <class name="com.emc.metalnx.integration.test.healthcheck.HealthCheckTest">
        <test-method status="PASS" signature="setUp()[pri:0, instance:com.emc.metalnx.integration.test.healthcheck.HealthCheckTest@370736d9]" name="setUp" is-config="true" duration-ms="7" started-at="2017-11-20T12:25:47Z" finished-at="2017-11-20T12:25:47Z">
          <reporter-output>
          </reporter-output>
        </test-method> <!-- setUp -->
        <test-method status="PASS" signature="beforeClass()[pri:0, instance:com.emc.metalnx.integration.test.healthcheck.HealthCheckTest@370736d9]" name="beforeClass" is-config="true" duration-ms="5446" started-at="2017-11-20T12:26:02Z" finished-at="2017-11-20T12:26:07Z">
          <reporter-output>
          </reporter-output>
        </test-method> <!-- beforeClass -->
        <test-method status="PASS" signature="testGotoCollections()[pri:0, instance:com.emc.metalnx.integration.test.healthcheck.HealthCheckTest@370736d9]" name="testGotoCollections" duration-ms="1224" started-at="2017-11-20T12:26:07Z" finished-at="2017-11-20T12:26:09Z">
          <reporter-output>
          </reporter-output>
        </test-method> <!-- testGotoCollections -->
        <test-method status="PASS" signature="testGotoDashboard()[pri:0, instance:com.emc.metalnx.integration.test.healthcheck.HealthCheckTest@370736d9]" name="testGotoDashboard" duration-ms="1215" started-at="2017-11-20T12:26:09Z" finished-at="2017-11-20T12:26:10Z">
          <reporter-output>
          </reporter-output>
        </test-method> <!-- testGotoDashboard -->
        <test-method status="PASS" signature="testGotoFavorites()[pri:0, instance:com.emc.metalnx.integration.test.healthcheck.HealthCheckTest@370736d9]" name="testGotoFavorites" duration-ms="734" started-at="2017-11-20T12:26:10Z" finished-at="2017-11-20T12:26:10Z">
          <reporter-output>
          </reporter-output>
        </test-method> <!-- testGotoFavorites -->
        <test-method status="PASS" signature="testGotoGroups()[pri:0, instance:com.emc.metalnx.integration.test.healthcheck.HealthCheckTest@370736d9]" name="testGotoGroups" duration-ms="575" started-at="2017-11-20T12:26:10Z" finished-at="2017-11-20T12:26:11Z">
          <reporter-output>
          </reporter-output>
        </test-method> <!-- testGotoGroups -->
        <test-method status="PASS" signature="testGotoProfile()[pri:0, instance:com.emc.metalnx.integration.test.healthcheck.HealthCheckTest@370736d9]" name="testGotoProfile" duration-ms="533" started-at="2017-11-20T12:26:11Z" finished-at="2017-11-20T12:26:12Z">
          <reporter-output>
          </reporter-output>
        </test-method> <!-- testGotoProfile -->
        <test-method status="PASS" signature="testGotoPublic()[pri:0, instance:com.emc.metalnx.integration.test.healthcheck.HealthCheckTest@370736d9]" name="testGotoPublic" duration-ms="635" started-at="2017-11-20T12:26:12Z" finished-at="2017-11-20T12:26:12Z">
          <reporter-output>
          </reporter-output>
        </test-method> <!-- testGotoPublic -->
        <test-method status="PASS" signature="testGotoResources()[pri:0, instance:com.emc.metalnx.integration.test.healthcheck.HealthCheckTest@370736d9]" name="testGotoResources" duration-ms="1096" started-at="2017-11-20T12:26:12Z" finished-at="2017-11-20T12:26:13Z">
          <reporter-output>
          </reporter-output>
        </test-method> <!-- testGotoResources -->
        <test-method status="PASS" signature="testGotoRules()[pri:0, instance:com.emc.metalnx.integration.test.healthcheck.HealthCheckTest@370736d9]" name="testGotoRules" duration-ms="462" started-at="2017-11-20T12:26:13Z" finished-at="2017-11-20T12:26:14Z">
          <reporter-output>
          </reporter-output>
        </test-method> <!-- testGotoRules -->
        <test-method status="PASS" signature="testGotoSearch()[pri:0, instance:com.emc.metalnx.integration.test.healthcheck.HealthCheckTest@370736d9]" name="testGotoSearch" duration-ms="570" started-at="2017-11-20T12:26:14Z" finished-at="2017-11-20T12:26:14Z">
          <reporter-output>
          </reporter-output>
        </test-method> <!-- testGotoSearch -->
        <test-method status="PASS" signature="testGotoTemplates()[pri:0, instance:com.emc.metalnx.integration.test.healthcheck.HealthCheckTest@370736d9]" name="testGotoTemplates" duration-ms="349" started-at="2017-11-20T12:26:14Z" finished-at="2017-11-20T12:26:15Z">
          <reporter-output>
          </reporter-output>
        </test-method> <!-- testGotoTemplates -->
        <test-method status="PASS" signature="testGotoTickets()[pri:0, instance:com.emc.metalnx.integration.test.healthcheck.HealthCheckTest@370736d9]" name="testGotoTickets" duration-ms="389" started-at="2017-11-20T12:26:15Z" finished-at="2017-11-20T12:26:15Z">
          <reporter-output>
          </reporter-output>
        </test-method> <!-- testGotoTickets -->
        <test-method status="PASS" signature="testGotoTrash()[pri:0, instance:com.emc.metalnx.integration.test.healthcheck.HealthCheckTest@370736d9]" name="testGotoTrash" duration-ms="713" started-at="2017-11-20T12:26:15Z" finished-at="2017-11-20T12:26:16Z">
          <reporter-output>
          </reporter-output>
        </test-method> <!-- testGotoTrash -->
        <test-method status="PASS" signature="testGotoUsers()[pri:0, instance:com.emc.metalnx.integration.test.healthcheck.HealthCheckTest@370736d9]" name="testGotoUsers" duration-ms="551" started-at="2017-11-20T12:26:16Z" finished-at="2017-11-20T12:26:16Z">
          <reporter-output>
          </reporter-output>
        </test-method> <!-- testGotoUsers -->
        <test-method status="PASS" signature="tearDownAfterClass()[pri:0, instance:com.emc.metalnx.integration.test.healthcheck.HealthCheckTest@370736d9]" name="tearDownAfterClass" is-config="true" duration-ms="680" started-at="2017-11-20T12:26:16Z" finished-at="2017-11-20T12:26:17Z">
          <reporter-output>
          </reporter-output>
        </test-method> <!-- tearDownAfterClass -->
        <test-method status="PASS" signature="tearDown()[pri:0, instance:com.emc.metalnx.integration.test.healthcheck.HealthCheckTest@370736d9]" name="tearDown" is-config="true" duration-ms="1" started-at="2017-11-20T12:26:17Z" finished-at="2017-11-20T12:26:17Z">
          <reporter-output>
          </reporter-output>
        </test-method> <!-- tearDown -->
      </class> <!-- com.emc.metalnx.integration.test.healthcheck.HealthCheckTest -->
    </test> <!-- Test -->
  </suite> <!-- Suite -->
</testng-results>
