<?xml version="1.0" encoding="UTF-8"?>
<testng-results skipped="0" failed="0" ignored="0" total="16" passed="16">
  <reporter-output>
  </reporter-output>
  <suite name="Default suite" duration-ms="31725" started-at="2017-11-21T13:48:09Z" finished-at="2017-11-21T13:48:41Z">
    <groups>
    </groups>
    <test name="Default test" duration-ms="31725" started-at="2017-11-21T13:48:09Z" finished-at="2017-11-21T13:48:41Z">
      <class name="com.emc.metalnx.integration.test.login.AdminLoginTest">
        <test-method status="PASS" signature="beforeClass()[pri:0, instance:com.emc.metalnx.integration.test.login.AdminLoginTest@2b2948e2]" name="beforeClass" is-config="true" duration-ms="4101" started-at="2017-11-21T08:48:09Z" finished-at="2017-11-21T08:48:13Z">
          <reporter-output>
          </reporter-output>
        </test-method> <!-- beforeClass -->
        <test-method status="PASS" signature="testLoginAsAdmin()[pri:0, instance:com.emc.metalnx.integration.test.login.AdminLoginTest@2b2948e2]" name="testLoginAsAdmin" duration-ms="2412" started-at="2017-11-21T08:48:13Z" finished-at="2017-11-21T08:48:15Z">
          <reporter-output>
          </reporter-output>
        </test-method> <!-- testLoginAsAdmin -->
        <test-method status="PASS" signature="afterClass()[pri:0, instance:com.emc.metalnx.integration.test.login.AdminLoginTest@2b2948e2]" name="afterClass" is-config="true" duration-ms="652" started-at="2017-11-21T08:48:15Z" finished-at="2017-11-21T08:48:16Z">
          <reporter-output>
          </reporter-output>
        </test-method> <!-- afterClass -->
      </class> <!-- com.emc.metalnx.integration.test.login.AdminLoginTest -->
      <class name="com.emc.metalnx.integration.test.login.LoginTest">
        <test-method status="PASS" signature="beforeClass()[pri:0, instance:com.emc.metalnx.integration.test.login.LoginTest@6ddf90b0]" name="beforeClass" is-config="true" duration-ms="2896" started-at="2017-11-21T08:48:33Z" finished-at="2017-11-21T08:48:35Z">
          <reporter-output>
          </reporter-output>
        </test-method> <!-- beforeClass -->
        <test-method status="PASS" signature="testInvalidUsernameAndPasswordForLogin()[pri:0, instance:com.emc.metalnx.integration.test.login.LoginTest@6ddf90b0]" name="testInvalidUsernameAndPasswordForLogin" duration-ms="2283" started-at="2017-11-21T08:48:35Z" finished-at="2017-11-21T08:48:38Z">
          <reporter-output>
          </reporter-output>
        </test-method> <!-- testInvalidUsernameAndPasswordForLogin -->
        <test-method status="PASS" signature="testValidUsernameAndPasswordForLogin()[pri:0, instance:com.emc.metalnx.integration.test.login.LoginTest@6ddf90b0]" name="testValidUsernameAndPasswordForLogin" duration-ms="2254" started-at="2017-11-21T08:48:38Z" finished-at="2017-11-21T08:48:40Z">
          <reporter-output>
          </reporter-output>
        </test-method> <!-- testValidUsernameAndPasswordForLogin -->
        <test-method status="PASS" signature="afterClass()[pri:0, instance:com.emc.metalnx.integration.test.login.LoginTest@6ddf90b0]" name="afterClass" is-config="true" duration-ms="692" started-at="2017-11-21T08:48:40Z" finished-at="2017-11-21T08:48:41Z">
          <reporter-output>
          </reporter-output>
        </test-method> <!-- afterClass -->
      </class> <!-- com.emc.metalnx.integration.test.login.LoginTest -->
      <class name="com.emc.metalnx.integration.test.healthcheck.HealthCheckTest">
        <test-method status="PASS" signature="setUp()[pri:0, instance:com.emc.metalnx.integration.test.healthcheck.HealthCheckTest@eec5a4a]" name="setUp" is-config="true" duration-ms="7" started-at="2017-11-21T08:48:09Z" finished-at="2017-11-21T08:48:09Z">
          <reporter-output>
          </reporter-output>
        </test-method> <!-- setUp -->
        <test-method status="PASS" signature="beforeClass()[pri:0, instance:com.emc.metalnx.integration.test.healthcheck.HealthCheckTest@eec5a4a]" name="beforeClass" is-config="true" duration-ms="6001" started-at="2017-11-21T08:48:16Z" finished-at="2017-11-21T08:48:22Z">
          <reporter-output>
          </reporter-output>
        </test-method> <!-- beforeClass -->
        <test-method status="PASS" signature="testGotoCollections()[pri:0, instance:com.emc.metalnx.integration.test.healthcheck.HealthCheckTest@eec5a4a]" name="testGotoCollections" duration-ms="1547" started-at="2017-11-21T08:48:22Z" finished-at="2017-11-21T08:48:24Z">
          <reporter-output>
          </reporter-output>
        </test-method> <!-- testGotoCollections -->
        <test-method status="PASS" signature="testGotoDashboard()[pri:0, instance:com.emc.metalnx.integration.test.healthcheck.HealthCheckTest@eec5a4a]" name="testGotoDashboard" duration-ms="1520" started-at="2017-11-21T08:48:24Z" finished-at="2017-11-21T08:48:25Z">
          <reporter-output>
          </reporter-output>
        </test-method> <!-- testGotoDashboard -->
        <test-method status="PASS" signature="testGotoFavorites()[pri:0, instance:com.emc.metalnx.integration.test.healthcheck.HealthCheckTest@eec5a4a]" name="testGotoFavorites" duration-ms="772" started-at="2017-11-21T08:48:25Z" finished-at="2017-11-21T08:48:26Z">
          <reporter-output>
          </reporter-output>
        </test-method> <!-- testGotoFavorites -->
        <test-method status="PASS" signature="testGotoGroups()[pri:0, instance:com.emc.metalnx.integration.test.healthcheck.HealthCheckTest@eec5a4a]" name="testGotoGroups" duration-ms="439" started-at="2017-11-21T08:48:26Z" finished-at="2017-11-21T08:48:26Z">
          <reporter-output>
          </reporter-output>
        </test-method> <!-- testGotoGroups -->
        <test-method status="PASS" signature="testGotoProfile()[pri:0, instance:com.emc.metalnx.integration.test.healthcheck.HealthCheckTest@eec5a4a]" name="testGotoProfile" duration-ms="450" started-at="2017-11-21T08:48:26Z" finished-at="2017-11-21T08:48:27Z">
          <reporter-output>
          </reporter-output>
        </test-method> <!-- testGotoProfile -->
        <test-method status="PASS" signature="testGotoPublic()[pri:0, instance:com.emc.metalnx.integration.test.healthcheck.HealthCheckTest@eec5a4a]" name="testGotoPublic" duration-ms="608" started-at="2017-11-21T08:48:27Z" finished-at="2017-11-21T08:48:27Z">
          <reporter-output>
          </reporter-output>
        </test-method> <!-- testGotoPublic -->
        <test-method status="PASS" signature="testGotoResources()[pri:0, instance:com.emc.metalnx.integration.test.healthcheck.HealthCheckTest@eec5a4a]" name="testGotoResources" duration-ms="1100" started-at="2017-11-21T08:48:27Z" finished-at="2017-11-21T08:48:29Z">
          <reporter-output>
          </reporter-output>
        </test-method> <!-- testGotoResources -->
        <test-method status="PASS" signature="testGotoRules()[pri:0, instance:com.emc.metalnx.integration.test.healthcheck.HealthCheckTest@eec5a4a]" name="testGotoRules" duration-ms="601" started-at="2017-11-21T08:48:29Z" finished-at="2017-11-21T08:48:29Z">
          <reporter-output>
          </reporter-output>
        </test-method> <!-- testGotoRules -->
        <test-method status="PASS" signature="testGotoSearch()[pri:0, instance:com.emc.metalnx.integration.test.healthcheck.HealthCheckTest@eec5a4a]" name="testGotoSearch" duration-ms="614" started-at="2017-11-21T08:48:29Z" finished-at="2017-11-21T08:48:30Z">
          <reporter-output>
          </reporter-output>
        </test-method> <!-- testGotoSearch -->
        <test-method status="PASS" signature="testGotoTemplates()[pri:0, instance:com.emc.metalnx.integration.test.healthcheck.HealthCheckTest@eec5a4a]" name="testGotoTemplates" duration-ms="418" started-at="2017-11-21T08:48:30Z" finished-at="2017-11-21T08:48:30Z">
          <reporter-output>
          </reporter-output>
        </test-method> <!-- testGotoTemplates -->
        <test-method status="PASS" signature="testGotoTickets()[pri:0, instance:com.emc.metalnx.integration.test.healthcheck.HealthCheckTest@eec5a4a]" name="testGotoTickets" duration-ms="438" started-at="2017-11-21T08:48:30Z" finished-at="2017-11-21T08:48:31Z">
          <reporter-output>
          </reporter-output>
        </test-method> <!-- testGotoTickets -->
        <test-method status="PASS" signature="testGotoTrash()[pri:0, instance:com.emc.metalnx.integration.test.healthcheck.HealthCheckTest@eec5a4a]" name="testGotoTrash" duration-ms="721" started-at="2017-11-21T08:48:31Z" finished-at="2017-11-21T08:48:31Z">
          <reporter-output>
          </reporter-output>
        </test-method> <!-- testGotoTrash -->
        <test-method status="PASS" signature="testGotoUsers()[pri:0, instance:com.emc.metalnx.integration.test.healthcheck.HealthCheckTest@eec5a4a]" name="testGotoUsers" duration-ms="487" started-at="2017-11-21T08:48:31Z" finished-at="2017-11-21T08:48:32Z">
          <reporter-output>
          </reporter-output>
        </test-method> <!-- testGotoUsers -->
        <test-method status="PASS" signature="tearDownAfterClass()[pri:0, instance:com.emc.metalnx.integration.test.healthcheck.HealthCheckTest@eec5a4a]" name="tearDownAfterClass" is-config="true" duration-ms="663" started-at="2017-11-21T08:48:32Z" finished-at="2017-11-21T08:48:33Z">
          <reporter-output>
          </reporter-output>
        </test-method> <!-- tearDownAfterClass -->
        <test-method status="PASS" signature="tearDown()[pri:0, instance:com.emc.metalnx.integration.test.healthcheck.HealthCheckTest@eec5a4a]" name="tearDown" is-config="true" duration-ms="0" started-at="2017-11-21T08:48:41Z" finished-at="2017-11-21T08:48:41Z">
          <reporter-output>
          </reporter-output>
        </test-method> <!-- tearDown -->
      </class> <!-- com.emc.metalnx.integration.test.healthcheck.HealthCheckTest -->
    </test> <!-- Default test -->
  </suite> <!-- Default suite -->
</testng-results>
