<?xml version="1.0" encoding="UTF-8"?>
<!-- Generated by org.testng.reporters.JUnitXMLReporter -->
<testsuite hostname="DL3520-02010973" ignored="0" name="Test" tests="16" failures="0" timestamp="20 Nov 2017 17:26:17 GMT" time="30.249" errors="0">
  <testcase name="testInvalidUsernameAndPasswordForLogin" time="2.426" classname="com.emc.metalnx.integration.test.login.LoginTest"/>
  <testcase name="testValidUsernameAndPasswordForLogin" time="1.471" classname="com.emc.metalnx.integration.test.login.LoginTest"/>
  <testcase name="testLoginAsAdmin" time="3.179" classname="com.emc.metalnx.integration.test.login.AdminLoginTest"/>
  <testcase name="testGotoCollections" time="1.224" classname="com.emc.metalnx.integration.test.healthcheck.HealthCheckTest"/>
  <testcase name="testGotoDashboard" time="1.215" classname="com.emc.metalnx.integration.test.healthcheck.HealthCheckTest"/>
  <testcase name="testGotoFavorites" time="0.734" classname="com.emc.metalnx.integration.test.healthcheck.HealthCheckTest"/>
  <testcase name="testGotoGroups" time="0.575" classname="com.emc.metalnx.integration.test.healthcheck.HealthCheckTest"/>
  <testcase name="testGotoProfile" time="0.533" classname="com.emc.metalnx.integration.test.healthcheck.HealthCheckTest"/>
  <testcase name="testGotoPublic" time="0.635" classname="com.emc.metalnx.integration.test.healthcheck.HealthCheckTest"/>
  <testcase name="testGotoResources" time="1.096" classname="com.emc.metalnx.integration.test.healthcheck.HealthCheckTest"/>
  <testcase name="testGotoRules" time="0.462" classname="com.emc.metalnx.integration.test.healthcheck.HealthCheckTest"/>
  <testcase name="testGotoSearch" time="0.57" classname="com.emc.metalnx.integration.test.healthcheck.HealthCheckTest"/>
  <testcase name="testGotoTemplates" time="0.349" classname="com.emc.metalnx.integration.test.healthcheck.HealthCheckTest"/>
  <testcase name="testGotoTickets" time="0.389" classname="com.emc.metalnx.integration.test.healthcheck.HealthCheckTest"/>
  <testcase name="testGotoTrash" time="0.713" classname="com.emc.metalnx.integration.test.healthcheck.HealthCheckTest"/>
  <testcase name="testGotoUsers" time="0.551" classname="com.emc.metalnx.integration.test.healthcheck.HealthCheckTest"/>
</testsuite> <!-- Test -->
