<?xml version="1.0" encoding="UTF-8"?>
<testng-results skipped="0" failed="0" ignored="0" total="16" passed="16">
  <reporter-output>
  </reporter-output>
  <suite name="Suite" duration-ms="32635" started-at="2017-11-20T17:24:22Z" finished-at="2017-11-20T17:24:55Z">
    <groups>
    </groups>
    <test name="Test" duration-ms="32635" started-at="2017-11-20T17:24:22Z" finished-at="2017-11-20T17:24:55Z">
      <class name="com.emc.metalnx.integration.test.login.AdminLoginTest">
        <test-method status="PASS" signature="beforeClass()[pri:0, instance:com.emc.metalnx.integration.test.login.AdminLoginTest@68be2bc2]" name="beforeClass" is-config="true" duration-ms="3235" started-at="2017-11-20T12:24:33Z" finished-at="2017-11-20T12:24:36Z">
          <reporter-output>
          </reporter-output>
        </test-method> <!-- beforeClass -->
        <test-method status="PASS" signature="testLoginAsAdmin()[pri:0, instance:com.emc.metalnx.integration.test.login.AdminLoginTest@68be2bc2]" name="testLoginAsAdmin" duration-ms="2554" started-at="2017-11-20T12:24:36Z" finished-at="2017-11-20T12:24:39Z">
          <reporter-output>
          </reporter-output>
        </test-method> <!-- testLoginAsAdmin -->
        <test-method status="PASS" signature="afterClass()[pri:0, instance:com.emc.metalnx.integration.test.login.AdminLoginTest@68be2bc2]" name="afterClass" is-config="true" duration-ms="639" started-at="2017-11-20T12:24:39Z" finished-at="2017-11-20T12:24:39Z">
          <reporter-output>
          </reporter-output>
        </test-method> <!-- afterClass -->
      </class> <!-- com.emc.metalnx.integration.test.login.AdminLoginTest -->
      <class name="com.emc.metalnx.integration.test.login.LoginTest">
        <test-method status="PASS" signature="beforeClass()[pri:0, instance:com.emc.metalnx.integration.test.login.LoginTest@20e2cbe0]" name="beforeClass" is-config="true" duration-ms="3362" started-at="2017-11-20T12:24:22Z" finished-at="2017-11-20T12:24:26Z">
          <reporter-output>
          </reporter-output>
        </test-method> <!-- beforeClass -->
        <test-method status="PASS" signature="testInvalidUsernameAndPasswordForLogin()[pri:0, instance:com.emc.metalnx.integration.test.login.LoginTest@20e2cbe0]" name="testInvalidUsernameAndPasswordForLogin" duration-ms="4652" started-at="2017-11-20T12:24:26Z" finished-at="2017-11-20T12:24:30Z">
          <reporter-output>
          </reporter-output>
        </test-method> <!-- testInvalidUsernameAndPasswordForLogin -->
        <test-method status="PASS" signature="testValidUsernameAndPasswordForLogin()[pri:0, instance:com.emc.metalnx.integration.test.login.LoginTest@20e2cbe0]" name="testValidUsernameAndPasswordForLogin" duration-ms="1919" started-at="2017-11-20T12:24:30Z" finished-at="2017-11-20T12:24:32Z">
          <reporter-output>
          </reporter-output>
        </test-method> <!-- testValidUsernameAndPasswordForLogin -->
        <test-method status="PASS" signature="afterClass()[pri:0, instance:com.emc.metalnx.integration.test.login.LoginTest@20e2cbe0]" name="afterClass" is-config="true" duration-ms="635" started-at="2017-11-20T12:24:32Z" finished-at="2017-11-20T12:24:33Z">
          <reporter-output>
          </reporter-output>
        </test-method> <!-- afterClass -->
      </class> <!-- com.emc.metalnx.integration.test.login.LoginTest -->
      <class name="com.emc.metalnx.integration.test.healthcheck.HealthCheckTest">
        <test-method status="PASS" signature="setUp()[pri:0, instance:com.emc.metalnx.integration.test.healthcheck.HealthCheckTest@2a5ca609]" name="setUp" is-config="true" duration-ms="7" started-at="2017-11-20T12:24:22Z" finished-at="2017-11-20T12:24:22Z">
          <reporter-output>
          </reporter-output>
        </test-method> <!-- setUp -->
        <test-method status="PASS" signature="beforeClass()[pri:0, instance:com.emc.metalnx.integration.test.healthcheck.HealthCheckTest@2a5ca609]" name="beforeClass" is-config="true" duration-ms="5263" started-at="2017-11-20T12:24:39Z" finished-at="2017-11-20T12:24:45Z">
          <reporter-output>
          </reporter-output>
        </test-method> <!-- beforeClass -->
        <test-method status="PASS" signature="testGotoCollections()[pri:0, instance:com.emc.metalnx.integration.test.healthcheck.HealthCheckTest@2a5ca609]" name="testGotoCollections" duration-ms="1623" started-at="2017-11-20T12:24:45Z" finished-at="2017-11-20T12:24:46Z">
          <reporter-output>
          </reporter-output>
        </test-method> <!-- testGotoCollections -->
        <test-method status="PASS" signature="testGotoDashboard()[pri:0, instance:com.emc.metalnx.integration.test.healthcheck.HealthCheckTest@2a5ca609]" name="testGotoDashboard" duration-ms="1518" started-at="2017-11-20T12:24:46Z" finished-at="2017-11-20T12:24:48Z">
          <reporter-output>
          </reporter-output>
        </test-method> <!-- testGotoDashboard -->
        <test-method status="PASS" signature="testGotoFavorites()[pri:0, instance:com.emc.metalnx.integration.test.healthcheck.HealthCheckTest@2a5ca609]" name="testGotoFavorites" duration-ms="763" started-at="2017-11-20T12:24:48Z" finished-at="2017-11-20T12:24:49Z">
          <reporter-output>
          </reporter-output>
        </test-method> <!-- testGotoFavorites -->
        <test-method status="PASS" signature="testGotoGroups()[pri:0, instance:com.emc.metalnx.integration.test.healthcheck.HealthCheckTest@2a5ca609]" name="testGotoGroups" duration-ms="623" started-at="2017-11-20T12:24:49Z" finished-at="2017-11-20T12:24:49Z">
          <reporter-output>
          </reporter-output>
        </test-method> <!-- testGotoGroups -->
        <test-method status="PASS" signature="testGotoProfile()[pri:0, instance:com.emc.metalnx.integration.test.healthcheck.HealthCheckTest@2a5ca609]" name="testGotoProfile" duration-ms="359" started-at="2017-11-20T12:24:49Z" finished-at="2017-11-20T12:24:50Z">
          <reporter-output>
          </reporter-output>
        </test-method> <!-- testGotoProfile -->
        <test-method status="PASS" signature="testGotoPublic()[pri:0, instance:com.emc.metalnx.integration.test.healthcheck.HealthCheckTest@2a5ca609]" name="testGotoPublic" duration-ms="569" started-at="2017-11-20T12:24:50Z" finished-at="2017-11-20T12:24:50Z">
          <reporter-output>
          </reporter-output>
        </test-method> <!-- testGotoPublic -->
        <test-method status="PASS" signature="testGotoResources()[pri:0, instance:com.emc.metalnx.integration.test.healthcheck.HealthCheckTest@2a5ca609]" name="testGotoResources" duration-ms="1007" started-at="2017-11-20T12:24:50Z" finished-at="2017-11-20T12:24:51Z">
          <reporter-output>
          </reporter-output>
        </test-method> <!-- testGotoResources -->
        <test-method status="PASS" signature="testGotoRules()[pri:0, instance:com.emc.metalnx.integration.test.healthcheck.HealthCheckTest@2a5ca609]" name="testGotoRules" duration-ms="556" started-at="2017-11-20T12:24:51Z" finished-at="2017-11-20T12:24:52Z">
          <reporter-output>
          </reporter-output>
        </test-method> <!-- testGotoRules -->
        <test-method status="PASS" signature="testGotoSearch()[pri:0, instance:com.emc.metalnx.integration.test.healthcheck.HealthCheckTest@2a5ca609]" name="testGotoSearch" duration-ms="607" started-at="2017-11-20T12:24:52Z" finished-at="2017-11-20T12:24:52Z">
          <reporter-output>
          </reporter-output>
        </test-method> <!-- testGotoSearch -->
        <test-method status="PASS" signature="testGotoTemplates()[pri:0, instance:com.emc.metalnx.integration.test.healthcheck.HealthCheckTest@2a5ca609]" name="testGotoTemplates" duration-ms="405" started-at="2017-11-20T12:24:52Z" finished-at="2017-11-20T12:24:53Z">
          <reporter-output>
          </reporter-output>
        </test-method> <!-- testGotoTemplates -->
        <test-method status="PASS" signature="testGotoTickets()[pri:0, instance:com.emc.metalnx.integration.test.healthcheck.HealthCheckTest@2a5ca609]" name="testGotoTickets" duration-ms="481" started-at="2017-11-20T12:24:53Z" finished-at="2017-11-20T12:24:53Z">
          <reporter-output>
          </reporter-output>
        </test-method> <!-- testGotoTickets -->
        <test-method status="PASS" signature="testGotoTrash()[pri:0, instance:com.emc.metalnx.integration.test.healthcheck.HealthCheckTest@2a5ca609]" name="testGotoTrash" duration-ms="677" started-at="2017-11-20T12:24:53Z" finished-at="2017-11-20T12:24:54Z">
          <reporter-output>
          </reporter-output>
        </test-method> <!-- testGotoTrash -->
        <test-method status="PASS" signature="testGotoUsers()[pri:0, instance:com.emc.metalnx.integration.test.healthcheck.HealthCheckTest@2a5ca609]" name="testGotoUsers" duration-ms="516" started-at="2017-11-20T12:24:54Z" finished-at="2017-11-20T12:24:54Z">
          <reporter-output>
          </reporter-output>
        </test-method> <!-- testGotoUsers -->
        <test-method status="PASS" signature="tearDownAfterClass()[pri:0, instance:com.emc.metalnx.integration.test.healthcheck.HealthCheckTest@2a5ca609]" name="tearDownAfterClass" is-config="true" duration-ms="646" started-at="2017-11-20T12:24:54Z" finished-at="2017-11-20T12:24:55Z">
          <reporter-output>
          </reporter-output>
        </test-method> <!-- tearDownAfterClass -->
        <test-method status="PASS" signature="tearDown()[pri:0, instance:com.emc.metalnx.integration.test.healthcheck.HealthCheckTest@2a5ca609]" name="tearDown" is-config="true" duration-ms="1" started-at="2017-11-20T12:24:55Z" finished-at="2017-11-20T12:24:55Z">
          <reporter-output>
          </reporter-output>
        </test-method> <!-- tearDown -->
      </class> <!-- com.emc.metalnx.integration.test.healthcheck.HealthCheckTest -->
    </test> <!-- Test -->
  </suite> <!-- Suite -->
</testng-results>
