<?xml version="1.0" encoding="UTF-8"?>
<!-- Generated by org.testng.reporters.JUnitXMLReporter -->
<testsuite hostname="DL3520-02010973" ignored="1" name="Default test" tests="1" failures="0" timestamp="20 Nov 2017 17:03:25 GMT" time="8.652" errors="0">
  <testcase name="testValidUsernameAndPasswordForLogin" time="4.294" classname="com.emc.metalnx.integration.test.login.LoginTest"/>
  <testcase name="testInvalidUsernameAndPasswordForLogin" time="0.0" classname="com.emc.metalnx.integration.test.login.LoginTest">
    <ignored/>
  </testcase> <!-- testInvalidUsernameAndPasswordForLogin -->
</testsuite> <!-- Default test -->
